app/build/intermediates/manifest_merge_blame_file/debug/manifest-merger-blame-debug-report.txt
1<?xml version="1.0" encoding="utf-8"?>
2<manifest xmlns:android="http://schemas.android.com/apk/res/android"
3    package="e.user.leaderboard"
4    android:versionCode="1"
5    android:versionName="1.0" >
6
7    <uses-sdk
8        android:minSdkVersion="26"
8-->src\main\AndroidManifest.xml
9        android:targetSdkVersion="29" />
9-->src\main\AndroidManifest.xml
10
11    <uses-permission android:name="android.permission.INTERNET" />
11-->src\main\AndroidManifest.xml:6:5-67
11-->src\main\AndroidManifest.xml:6:22-64
12    <uses-permission android:name="android.permission.ACCESS_NETWORK_STATE" />
12-->src\main\AndroidManifest.xml:7:5-78
12-->src\main\AndroidManifest.xml:7:22-76
13    <uses-permission android:name="android.permission.ACCESS_WIFI_STATE" />
13-->src\main\AndroidManifest.xml:8:5-75
13-->src\main\AndroidManifest.xml:8:22-73
14
15    <application
15-->src\main\AndroidManifest.xml:10:5-31:19
16        android:allowBackup="true"
16-->src\main\AndroidManifest.xml:11:9-35
17        android:appComponentFactory="whateverString"
17-->src\main\AndroidManifest.xml:18:9-53
18        android:debuggable="true"
19        android:extractNativeLibs="false"
20        android:icon="@mipmap/ic_launcher"
20-->src\main\AndroidManifest.xml:12:9-43
21        android:label="@string/app_name"
21-->src\main\AndroidManifest.xml:13:9-41
22        android:largeHeap="true"
22-->src\main\AndroidManifest.xml:16:9-33
23        android:roundIcon="@drawable/ic_launcher_playstore"
23-->src\main\AndroidManifest.xml:14:9-60
24        android:supportsRtl="true"
24-->src\main\AndroidManifest.xml:15:9-35
25        android:testOnly="true"
26        android:theme="@style/AppTheme" >
26-->src\main\AndroidManifest.xml:19:9-40
27        <activity
27-->src\main\AndroidManifest.xml:20:9-23:20
28            android:name="e.user.gadsleaderboard.ProjectSubmissionActivity"
28-->src\main\AndroidManifest.xml:21:13-54
29            android:theme="@style/AppTheme" >
29-->src\main\AndroidManifest.xml:22:13-44
30        </activity>
31        <activity
31-->src\main\AndroidManifest.xml:24:9-30:20
32            android:name="e.user.gadsleaderboard.MainActivity"
32-->src\main\AndroidManifest.xml:24:19-47
33            android:theme="@style/AppTheme.Launcher" >
33-->src\main\AndroidManifest.xml:25:13-53
34            <intent-filter>
34-->src\main\AndroidManifest.xml:26:13-29:29
35                <action android:name="android.intent.action.MAIN" />
35-->src\main\AndroidManifest.xml:27:17-69
35-->src\main\AndroidManifest.xml:27:25-66
36
37                <category android:name="android.intent.category.LAUNCHER" />
37-->src\main\AndroidManifest.xml:28:17-77
37-->src\main\AndroidManifest.xml:28:27-74
38            </intent-filter>
39        </activity>
40    </application>
41
42</manifest>